c:\users\asus\source\repos\heart monitoring system\heart monitoring system\x64\debug\vc143.pdb
c:\users\asus\source\repos\heart monitoring system\heart monitoring system\x64\debug\vc143.idb
c:\users\asus\source\repos\heart monitoring system\heart monitoring system\x64\debug\app.obj
c:\users\asus\source\repos\heart monitoring system\heart monitoring system\x64\debug\frame2.obj
c:\users\asus\source\repos\heart monitoring system\heart monitoring system\x64\debug\male.obj
c:\users\asus\source\repos\heart monitoring system\heart monitoring system\x64\debug\frame3.obj
c:\users\asus\source\repos\heart monitoring system\heart monitoring system\x64\debug\frame1.obj
c:\users\asus\source\repos\heart monitoring system\heart monitoring system\x64\debug\female.obj
c:\users\asus\source\repos\heart monitoring system\heart monitoring system\x64\debug\display.obj
c:\users\asus\source\repos\heart monitoring system\heart monitoring system\x64\debug\databaseconnection.obj
c:\users\asus\source\repos\heart monitoring system\heart monitoring system\x64\debug\child.obj
c:\users\asus\source\repos\heart monitoring system\heart monitoring system\x64\debug\auto.obj
c:\users\asus\source\repos\heart monitoring system\x64\debug\heart monitoring system.exe
c:\users\asus\source\repos\heart monitoring system\x64\debug\heart monitoring system.pdb
c:\users\asus\source\repos\heart monitoring system\heart monitoring system\x64\debug\heart monitoring system.ilk
c:\users\asus\source\repos\heart monitoring system\heart monitoring system\x64\debug\heart mo.87fd1eef.tlog\cl.command.1.tlog
c:\users\asus\source\repos\heart monitoring system\heart monitoring system\x64\debug\heart mo.87fd1eef.tlog\cl.items.tlog
c:\users\asus\source\repos\heart monitoring system\heart monitoring system\x64\debug\heart mo.87fd1eef.tlog\cl.read.1.tlog
c:\users\asus\source\repos\heart monitoring system\heart monitoring system\x64\debug\heart mo.87fd1eef.tlog\cl.write.1.tlog
c:\users\asus\source\repos\heart monitoring system\heart monitoring system\x64\debug\heart mo.87fd1eef.tlog\link.command.1.tlog
c:\users\asus\source\repos\heart monitoring system\heart monitoring system\x64\debug\heart mo.87fd1eef.tlog\link.read.1.tlog
c:\users\asus\source\repos\heart monitoring system\heart monitoring system\x64\debug\heart mo.87fd1eef.tlog\link.secondary.1.tlog
c:\users\asus\source\repos\heart monitoring system\heart monitoring system\x64\debug\heart mo.87fd1eef.tlog\link.write.1.tlog
